<?xml version="1.0" encoding="UTF-8"?>
<!-- Generated by org.testng.reporters.JUnitXMLReporter -->
<testsuite hostname="IBM-1G1SMM3" name="Default test" tests="4" failures="0" timestamp="1 Jul 2022 11:22:38 GMT" time="9.111" errors="0">
  <testcase name="firstPOST" time="4.823" classname="Fullstack.assenment$Assugnment"/>
  <testcase name="firstPUT" time="1.442" classname="Fullstack.assenment$Assugnment"/>
  <testcase name="firstDELETE" time="1.442" classname="Fullstack.assenment$Assugnment"/>
  <testcase name="anotherGET" time="1.38" classname="Fullstack.assenment$Assugnment"/>
</testsuite> <!-- Default test -->
